<?xml version="1.0" encoding="UTF-8"?>
<!-- Generated by org.testng.reporters.JUnitReportReporter -->
<testsuite hostname="sukeerthsahana" failures="0" tests="2" name="apitest.PutTest" time="1.173" errors="0" timestamp="2025-06-14T19:37:46 CDT" skipped="0">
  <testcase classname="apitest.PutTest" name="verifyUserCreationWithValidData" time="0.670"/>
  <testcase classname="apitest.PutTest" name="verifyUserCreationWithMissingFirstName" time="0.503"/>
</testsuite> <!-- apitest.PutTest -->
