<?xml version="1.0" encoding="UTF-8"?>
<!-- Generated by org.testng.reporters.JUnitReportReporter -->
<testsuite hostname="sukeerthsahana" failures="0" tests="2" name="apitest.PatchTest" time="1.015" errors="0" timestamp="2025-06-14T19:37:46 CDT" skipped="0">
  <testcase classname="apitest.PatchTest" name="verifyUserUpdateFirstname" time="0.559"/>
  <testcase classname="apitest.PatchTest" name="verifyUpdateUsernameWithSpecialChar" time="0.456"/>
</testsuite> <!-- apitest.PatchTest -->
