<?xml version="1.0" encoding="UTF-8"?>
<!-- Generated by org.testng.reporters.JUnitReportReporter -->
<testsuite hostname="sukeerthsahana" failures="0" tests="2" name="apitest.CreateUserTest" time="2.557" errors="0" timestamp="2025-06-14T10:23:10 CDT" skipped="0">
  <testcase classname="apitest.CreateUserTest" name="verifyUserCreationWithValidData" time="2.120"/>
  <testcase classname="apitest.CreateUserTest" name="verifyUserCreationWithMissingFirstName" time="0.437"/>
</testsuite> <!-- apitest.CreateUserTest -->
