<?xml version="1.0" encoding="UTF-8"?>
<!-- Generated by org.testng.reporters.JUnitReportReporter -->
<testsuite hostname="sukeerthsahana" failures="0" tests="2" name="apitest.CreateUserTest" time="4.895" errors="0" timestamp="2025-06-14T19:37:46 CDT" skipped="0">
  <testcase classname="apitest.CreateUserTest" name="verifyUserCreationWithValidData" time="4.435"/>
  <testcase classname="apitest.CreateUserTest" name="verifyUserCreationWithMissingFirstName" time="0.460"/>
</testsuite> <!-- apitest.CreateUserTest -->
