<?xml version="1.0" encoding="UTF-8"?>
<!-- Generated by org.testng.reporters.JUnitReportReporter -->
<testsuite hostname="sukeerthsahana" failures="0" tests="4" name="apitest.CreateUser" time="2.255" errors="0" timestamp="2025-06-13T21:50:54 CDT" skipped="0">
  <testcase classname="apitest.CreateUser" name="verifyUserCreationWithValidData" time="1.738"/>
  <testcase classname="apitest.CreateUser" name="verifyUserCreationWithValidData" time="0.004"/>
  <testcase classname="apitest.CreateUser" name="verifyUserCreationWithMissingFirstName" time="0.003"/>
  <testcase classname="apitest.CreateUser" name="verifyUserCreationWithMissingFirstName" time="0.510"/>
</testsuite> <!-- apitest.CreateUser -->
